TN:
SF:/Users/nikkyhood/myRepo/src/index.js
FN:13,createDivWithText
FN:27,prepend
FN:50,findAllPSiblings
FN:80,findError
FN:101,deleteTextNodes
FN:128,deleteTextNodesRecursive
FN:153,collectDOMStat
FN:189,observeChildNodes
FNF:8
FNH:8
FNDA:2,createDivWithText
FNDA:1,prepend
FNDA:1,findAllPSiblings
FNDA:1,findError
FNDA:1,deleteTextNodes
FNDA:2,deleteTextNodesRecursive
FNDA:1,collectDOMStat
FNDA:4,observeChildNodes
DA:14,2
DA:15,2
DA:16,2
DA:28,1
DA:51,1
DA:52,1
DA:53,1
DA:54,1
DA:56,1
DA:57,0
DA:59,0
DA:61,0
DA:81,1
DA:82,1
DA:83,1
DA:84,5
DA:86,1
DA:101,7
DA:102,5
DA:103,5
DA:104,0
DA:128,20
DA:129,2
DA:130,2
LF:24
LH:20
BRDA:54,0,0,1
BRDA:54,0,1,0
BRDA:54,1,0,1
BRDA:54,1,1,1
BRDA:56,2,0,0
BRDA:56,2,1,0
BRDA:103,3,0,0
BRDA:103,3,1,5
BRDA:101,4,0,1
BRDA:101,4,1,2
BRDA:130,5,0,1
BRDA:130,5,1,1
BRDA:128,6,0,4
BRDA:128,6,1,4
BRF:14
BRH:10
end_of_record
