TN:
SF:/Users/nikkyhood/myRepo/src/dnd.js
FN:29,createDiv
FN:40,addListeners
FN:45,(anonymous_2)
FNF:3
FNH:2
FNDA:2,createDiv
FNDA:0,addListeners
FNDA:1,(anonymous_2)
DA:18,1
DA:43,1
DA:45,1
DA:47,1
DA:50,1
DA:52,0
LF:6
LH:5
BRF:0
BRH:0
end_of_record
TN:
SF:/Users/nikkyhood/myRepo/src/index.js
FN:11,addListener
FN:22,removeListener
FN:33,skipDefault
FN:44,emulateClick
FN:57,delegate
FN:71,once
FNF:6
FNH:6
FNDA:1,addListener
FNDA:1,removeListener
FNDA:1,skipDefault
FNDA:1,emulateClick
FNDA:1,delegate
FNDA:1,once
DA:12,1
DA:23,1
DA:45,1
DA:58,1
DA:59,0
DA:72,1
DA:73,0
DA:75,1
LF:8
LH:6
BRF:0
BRH:0
end_of_record
